[debug] [2020-10-04T15:45:29.324Z] ----------------------------------------------------------------------
[debug] [2020-10-04T15:45:29.326Z] Command:       C:\Program Files\nodejs\node.exe C:\Users\diana\AppData\Roaming\npm\node_modules\firebase-tools\lib\bin\firebase.js emulators:start --only hosting
[debug] [2020-10-04T15:45:29.326Z] CLI Version:   8.11.2
[debug] [2020-10-04T15:45:29.326Z] Platform:      win32
[debug] [2020-10-04T15:45:29.326Z] Node Version:  v14.10.1
[debug] [2020-10-04T15:45:29.327Z] Time:          Sun Oct 04 2020 09:45:29 GMT-0600 (Mountain Daylight Time)
[debug] [2020-10-04T15:45:29.327Z] ----------------------------------------------------------------------
[debug] [2020-10-04T15:45:29.327Z] 
[debug] [2020-10-04T15:45:29.333Z] > command requires scopes: ["email","openid","https://www.googleapis.com/auth/cloudplatformprojects.readonly","https://www.googleapis.com/auth/firebase","https://www.googleapis.com/auth/cloud-platform"]
[debug] [2020-10-04T15:45:29.334Z] > authorizing via signed-in user
[info] i  emulators: Starting emulators: hosting {"metadata":{"emulator":{"name":"hub"},"message":"Starting emulators: hosting"}}
[debug] [2020-10-04T15:45:29.354Z] [hub] writing locator at C:\Users\diana\AppData\Local\Temp\hub-kb-aviary.json
[debug] [2020-10-04T15:45:29.376Z] >>> HTTP REQUEST GET https://firebase.googleapis.com/v1beta1/projects/kb-aviary/webApps/-/config  
 
[debug] [2020-10-04T15:45:29.776Z] <<< HTTP RESPONSE 200 {"content-type":"application/json; charset=UTF-8","vary":"X-Origin, Referer, Origin,Accept-Encoding","date":"Sun, 04 Oct 2020 15:45:29 GMT","server":"ESF","cache-control":"private","x-xss-protection":"0","x-frame-options":"SAMEORIGIN","x-content-type-options":"nosniff","alt-svc":"h3-Q050=\":443\"; ma=2592000,h3-29=\":443\"; ma=2592000,h3-27=\":443\"; ma=2592000,h3-T051=\":443\"; ma=2592000,h3-T050=\":443\"; ma=2592000,h3-Q046=\":443\"; ma=2592000,h3-Q043=\":443\"; ma=2592000,quic=\":443\"; ma=2592000; v=\"46,43\"","accept-ranges":"none","transfer-encoding":"chunked"}
[info] i  hosting: Serving hosting files from: public {"metadata":{"emulator":{"name":"hosting"},"message":"Serving hosting files from: \u001b[1mpublic\u001b[22m"}}
[info] +  hosting: Local server: http://localhost:5000 {"metadata":{"emulator":{"name":"hosting"},"message":"Local server: \u001b[4m\u001b[1mhttp://localhost:5000\u001b[22m\u001b[24m"}}
[info] 
┌──────────────────────────────────────────────────────────────┐
│ ✔  All emulators ready! It is now safe to connect your apps. │
└──────────────────────────────────────────────────────────────┘

┌──────────┬────────────────┐
│ Emulator │ Host:Port      │
├──────────┼────────────────┤
│ Hosting  │ localhost:5000 │
└──────────┴────────────────┘
  Other reserved ports: 4400

Issues? Report them at https://github.com/firebase/firebase-tools/issues and attach the *-debug.log files.
 
